# JRE version: OpenJDK Runtime Environment (Zulu 8.74.0.17-CA-win64) (8.0_392-b08) (build 1.8.0_392-b08)
# Java VM: OpenJDK 64-Bit Server VM (25.392-b08 mixed mode windows-amd64 compressed oops)
Heap:
 PSYoungGen      total 75776K, used 15817K [0x00000000f5580000, 0x00000000fbd00000, 0x0000000100000000)
  eden space 63488K, 8% used [0x00000000f5580000,0x00000000f5b0e080,0x00000000f9380000)
  from space 12288K, 82% used [0x00000000fa080000,0x00000000faa64680,0x00000000fac80000)
  to   space 13312K, 0% used [0x00000000f9380000,0x00000000f9380000,0x00000000fa080000)
 ParOldGen       total 175104K, used 14411K [0x00000000e0000000, 0x00000000eab00000, 0x00000000f5580000)
  object space 175104K, 8% used [0x00000000e0000000,0x00000000e0e12cd0,0x00000000eab00000)
 Metaspace       used 44315K, capacity 46814K, committed 46848K, reserved 1089536K
  class space    used 6424K, capacity 6909K, committed 6912K, reserved 1048576K
GC Heap History (10 events):
Event: 12.393 GC heap before
{Heap before GC invocations=8 (full 1):
 PSYoungGen      total 76800K, used 23803K [0x00000000f5580000, 0x00000000fac80000, 0x0000000100000000)
  eden space 64512K, 21% used [0x00000000f5580000,0x00000000f62ec808,0x00000000f9480000)
  from space 12288K, 81% used [0x00000000fa080000,0x00000000faa524b0,0x00000000fac80000)
  to   space 10752K, 0% used [0x00000000f9580000,0x00000000f9580000,0x00000000fa000000)
 ParOldGen       total 175104K, used 9286K [0x00000000e0000000, 0x00000000eab00000, 0x00000000f5580000)
  object space 175104K, 5% used [0x00000000e0000000,0x00000000e0911b10,0x00000000eab00000)
 Metaspace       used 34070K, capacity 35458K, committed 35496K, reserved 1079296K
  class space    used 4815K, capacity 5115K, committed 5120K, reserved 1048576K
Event: 12.400 GC heap after
Heap after GC invocations=8 (full 1):
 PSYoungGen      total 75264K, used 7207K [0x00000000f5580000, 0x00000000fac80000, 0x0000000100000000)
  eden space 64512K, 0% used [0x00000000f5580000,0x00000000f5580000,0x00000000f9480000)
  from space 10752K, 67% used [0x00000000f9580000,0x00000000f9c89d60,0x00000000fa000000)
  to   space 12288K, 0% used [0x00000000fa080000,0x00000000fa080000,0x00000000fac80000)
 ParOldGen       total 175104K, used 9294K [0x00000000e0000000, 0x00000000eab00000, 0x00000000f5580000)
  object space 175104K, 5% used [0x00000000e0000000,0x00000000e0913b10,0x00000000eab00000)
 Metaspace       used 34070K, capacity 35458K, committed 35496K, reserved 1079296K
  class space    used 4815K, capacity 5115K, committed 5120K, reserved 1048576K
}
Event: 12.400 GC heap before
{Heap before GC invocations=9 (full 2):
 PSYoungGen      total 75264K, used 7207K [0x00000000f5580000, 0x00000000fac80000, 0x0000000100000000)
  eden space 64512K, 0% used [0x00000000f5580000,0x00000000f5580000,0x00000000f9480000)
  from space 10752K, 67% used [0x00000000f9580000,0x00000000f9c89d60,0x00000000fa000000)
  to   space 12288K, 0% used [0x00000000fa080000,0x00000000fa080000,0x00000000fac80000)
 ParOldGen       total 175104K, used 9294K [0x00000000e0000000, 0x00000000eab00000, 0x00000000f5580000)
  object space 175104K, 5% used [0x00000000e0000000,0x00000000e0913b10,0x00000000eab00000)
 Metaspace       used 34070K, capacity 35458K, committed 35496K, reserved 1079296K
  class space    used 4815K, capacity 5115K, committed 5120K, reserved 1048576K
Event: 12.459 GC heap after
Heap after GC invocations=9 (full 2):
 PSYoungGen      total 75264K, used 0K [0x00000000f5580000, 0x00000000fac80000, 0x0000000100000000)
  eden space 64512K, 0% used [0x00000000f5580000,0x00000000f5580000,0x00000000f9480000)
  from space 10752K, 0% used [0x00000000f9580000,0x00000000f9580000,0x00000000fa000000)
  to   space 12288K, 0% used [0x00000000fa080000,0x00000000fa080000,0x00000000fac80000)
 ParOldGen       total 175104K, used 14387K [0x00000000e0000000, 0x00000000eab00000, 0x00000000f5580000)
  object space 175104K, 8% used [0x00000000e0000000,0x00000000e0e0ccd0,0x00000000eab00000)
 Metaspace       used 34070K, capacity 35458K, committed 35496K, reserved 1079296K
  class space    used 4815K, capacity 5115K, committed 5120K, reserved 1048576K
}
Event: 13.090 GC heap before
{Heap before GC invocations=10 (full 2):
 PSYoungGen      total 75264K, used 64512K [0x00000000f5580000, 0x00000000fac80000, 0x0000000100000000)
  eden space 64512K, 100% used [0x00000000f5580000,0x00000000f9480000,0x00000000f9480000)
  from space 10752K, 0% used [0x00000000f9580000,0x00000000f9580000,0x00000000fa000000)
  to   space 12288K, 0% used [0x00000000fa080000,0x00000000fa080000,0x00000000fac80000)
 ParOldGen       total 175104K, used 14387K [0x00000000e0000000, 0x00000000eab00000, 0x00000000f5580000)
  object space 175104K, 8% used [0x00000000e0000000,0x00000000e0e0ccd0,0x00000000eab00000)
 Metaspace       used 37989K, capacity 39556K, committed 39808K, reserved 1083392K
  class space    used 5399K, capacity 5713K, committed 5760K, reserved 1048576K
Event: 13.093 GC heap after
Heap after GC invocations=10 (full 2):
 PSYoungGen      total 76800K, used 4727K [0x00000000f5580000, 0x00000000fac80000, 0x0000000100000000)
  eden space 64512K, 0% used [0x00000000f5580000,0x00000000f5580000,0x00000000f9480000)
  from space 12288K, 38% used [0x00000000fa080000,0x00000000fa51dfe8,0x00000000fac80000)
  to   space 10752K, 0% used [0x00000000f9580000,0x00000000f9580000,0x00000000fa000000)
 ParOldGen       total 175104K, used 14395K [0x00000000e0000000, 0x00000000eab00000, 0x00000000f5580000)
  object space 175104K, 8% used [0x00000000e0000000,0x00000000e0e0ecd0,0x00000000eab00000)
 Metaspace       used 37989K, capacity 39556K, committed 39808K, reserved 1083392K
  class space    used 5399K, capacity 5713K, committed 5760K, reserved 1048576K
}
Event: 13.848 GC heap before
{Heap before GC invocations=11 (full 2):
 PSYoungGen      total 76800K, used 69239K [0x00000000f5580000, 0x00000000fac80000, 0x0000000100000000)
  eden space 64512K, 100% used [0x00000000f5580000,0x00000000f9480000,0x00000000f9480000)
  from space 12288K, 38% used [0x00000000fa080000,0x00000000fa51dfe8,0x00000000fac80000)
  to   space 10752K, 0% used [0x00000000f9580000,0x00000000f9580000,0x00000000fa000000)
 ParOldGen       total 175104K, used 14395K [0x00000000e0000000, 0x00000000eab00000, 0x00000000f5580000)
  object space 175104K, 8% used [0x00000000e0000000,0x00000000e0e0ecd0,0x00000000eab00000)
 Metaspace       used 40630K, capacity 42488K, committed 42624K, reserved 1085440K
  class space    used 5800K, capacity 6192K, committed 6272K, reserved 1048576K
Event: 13.853 GC heap after
Heap after GC invocations=11 (full 2):
 PSYoungGen      total 75264K, used 6230K [0x00000000f5580000, 0x00000000fac80000, 0x0000000100000000)
  eden space 64512K, 0% used [0x00000000f5580000,0x00000000f5580000,0x00000000f9480000)
  from space 10752K, 57% used [0x00000000f9580000,0x00000000f9b95890,0x00000000fa000000)
  to   space 12288K, 0% used [0x00000000fa080000,0x00000000fa080000,0x00000000fac80000)
 ParOldGen       total 175104K, used 14403K [0x00000000e0000000, 0x00000000eab00000, 0x00000000f5580000)
  object space 175104K, 8% used [0x00000000e0000000,0x00000000e0e10cd0,0x00000000eab00000)
 Metaspace       used 40630K, capacity 42488K, committed 42624K, reserved 1085440K
  class space    used 5800K, capacity 6192K, committed 6272K, reserved 1048576K
}
Event: 14.454 GC heap before
{Heap before GC invocations=12 (full 2):
 PSYoungGen      total 75264K, used 70742K [0x00000000f5580000, 0x00000000fac80000, 0x0000000100000000)
  eden space 64512K, 100% used [0x00000000f5580000,0x00000000f9480000,0x00000000f9480000)
  from space 10752K, 57% used [0x00000000f9580000,0x00000000f9b95890,0x00000000fa000000)
  to   space 12288K, 0% used [0x00000000fa080000,0x00000000fa080000,0x00000000fac80000)
 ParOldGen       total 175104K, used 14403K [0x00000000e0000000, 0x00000000eab00000, 0x00000000f5580000)
  object space 175104K, 8% used [0x00000000e0000000,0x00000000e0e10cd0,0x00000000eab00000)
 Metaspace       used 43859K, capacity 46224K, committed 46592K, reserved 1089536K
  class space    used 6351K, capacity 6786K, committed 6912K, reserved 1048576K
Event: 14.462 GC heap after
Heap after GC invocations=12 (full 2):
 PSYoungGen      total 75776K, used 10129K [0x00000000f5580000, 0x00000000fbd00000, 0x0000000100000000)
  eden space 63488K, 0% used [0x00000000f5580000,0x00000000f5580000,0x00000000f9380000)
  from space 12288K, 82% used [0x00000000fa080000,0x00000000faa64680,0x00000000fac80000)
  to   space 13312K, 0% used [0x00000000f9380000,0x00000000f9380000,0x00000000fa080000)
 ParOldGen       total 175104K, used 14411K [0x00000000e0000000, 0x00000000eab00000, 0x00000000f5580000)
  object space 175104K, 8% used [0x00000000e0000000,0x00000000e0e12cd0,0x00000000eab00000)
 Metaspace       used 43859K, capacity 46224K, committed 46592K, reserved 1089536K
  class space    used 6351K, capacity 6786K, committed 6912K, reserved 1048576K
}

